This file contains any messages produced by compilers while
running configure, to aid debugging if configure makes a mistake.

It was created by project configure 1.0.0, which was
generated by GNU Autoconf 2.69.  Invocation command line was

  $ ./configure 

## --------- ##
## Platform. ##
## --------- ##

hostname = abellee
uname -m = x86_64
uname -r = 4.13.16-100.fc25.x86_64
uname -s = Linux
uname -v = #1 SMP Mon Nov 27 19:52:46 UTC 2017

/usr/bin/uname -p = x86_64
/bin/uname -X     = unknown

/bin/arch              = x86_64
/usr/bin/arch -k       = unknown
/usr/convex/getsysinfo = unknown
/usr/bin/hostinfo      = unknown
/bin/machine           = unknown
/usr/bin/oslevel       = unknown
/bin/universe          = unknown

PATH: /usr/local/bin
PATH: /usr/local/sbin
PATH: /usr/bin
PATH: /usr/sbin
PATH: /home/abel/.local/bin
PATH: /home/abel/bin


## ----------- ##
## Core tests. ##
## ----------- ##

configure:2327: checking for a BSD-compatible install
configure:2395: result: /usr/bin/install -c
configure:2406: checking whether build environment is sane
configure:2461: result: yes
configure:2612: checking for a thread-safe mkdir -p
configure:2651: result: /usr/bin/mkdir -p
configure:2658: checking for gawk
configure:2674: found /usr/bin/gawk
configure:2685: result: gawk
configure:2696: checking whether make sets $(MAKE)
configure:2718: result: yes
configure:2747: checking whether make supports nested variables
configure:2764: result: yes
configure:2901: checking whether make supports nested variables
configure:2918: result: yes
configure:2978: checking for gcc
configure:2994: found /usr/bin/gcc
configure:3005: result: gcc
configure:3234: checking for C compiler version
configure:3243: gcc --version >&5
gcc (GCC) 6.4.1 20170727 (Red Hat 6.4.1-1)
Copyright (C) 2017 Free Software Foundation, Inc.
This is free software; see the source for copying conditions.  There is NO
warranty; not even for MERCHANTABILITY or FITNESS FOR A PARTICULAR PURPOSE.

configure:3254: $? = 0
configure:3243: gcc -v >&5
Using built-in specs.
COLLECT_GCC=gcc
COLLECT_LTO_WRAPPER=/usr/libexec/gcc/x86_64-redhat-linux/6.4.1/lto-wrapper
Target: x86_64-redhat-linux
Configured with: ../configure --enable-bootstrap --enable-languages=c,c++,objc,obj-c++,fortran,ada,go,lto --prefix=/usr --mandir=/usr/share/man --infodir=/usr/share/info --with-bugurl=http://bugzilla.redhat.com/bugzilla --enable-shared --enable-threads=posix --enable-checking=release --enable-multilib --with-system-zlib --enable-__cxa_atexit --disable-libunwind-exceptions --enable-gnu-unique-object --enable-linker-build-id --with-linker-hash-style=gnu --enable-plugin --enable-initfini-array --disable-libgcj --with-isl --enable-libmpx --enable-gnu-indirect-function --with-tune=generic --with-arch_32=i686 --build=x86_64-redhat-linux
Thread model: posix
gcc version 6.4.1 20170727 (Red Hat 6.4.1-1) (GCC) 
configure:3254: $? = 0
configure:3243: gcc -V >&5
gcc: error: unrecognized command line option '-V'
gcc: fatal error: no input files
compilation terminated.
configure:3254: $? = 1
configure:3243: gcc -qversion >&5
gcc: error: unrecognized command line option '-qversion'; did you mean '--version'?
gcc: fatal error: no input files
compilation terminated.
configure:3254: $? = 1
configure:3274: checking whether the C compiler works
configure:3296: gcc    conftest.c  >&5
configure:3300: $? = 0
configure:3348: result: yes
configure:3351: checking for C compiler default output file name
configure:3353: result: a.out
configure:3359: checking for suffix of executables
configure:3366: gcc -o conftest    conftest.c  >&5
configure:3370: $? = 0
configure:3392: result: 
configure:3414: checking whether we are cross compiling
configure:3422: gcc -o conftest    conftest.c  >&5
configure:3426: $? = 0
configure:3433: ./conftest
configure:3437: $? = 0
configure:3452: result: no
configure:3457: checking for suffix of object files
configure:3479: gcc -c   conftest.c >&5
configure:3483: $? = 0
configure:3504: result: o
configure:3508: checking whether we are using the GNU C compiler
configure:3527: gcc -c   conftest.c >&5
configure:3527: $? = 0
configure:3536: result: yes
configure:3545: checking whether gcc accepts -g
configure:3565: gcc -c -g  conftest.c >&5
configure:3565: $? = 0
configure:3606: result: yes
configure:3623: checking for gcc option to accept ISO C89
configure:3686: gcc  -c -g -O2  conftest.c >&5
configure:3686: $? = 0
configure:3699: result: none needed
configure:3724: checking whether gcc understands -c and -o together
configure:3746: gcc -c conftest.c -o conftest2.o
configure:3749: $? = 0
configure:3746: gcc -c conftest.c -o conftest2.o
configure:3749: $? = 0
configure:3761: result: yes
configure:3789: checking for style of include used by make
configure:3817: result: GNU
configure:3843: checking dependency style of gcc
configure:3954: result: gcc3
configure:4027: checking for g++
configure:4043: found /usr/bin/g++
configure:4054: result: g++
configure:4081: checking for C++ compiler version
configure:4090: g++ --version >&5
g++ (GCC) 6.4.1 20170727 (Red Hat 6.4.1-1)
Copyright (C) 2017 Free Software Foundation, Inc.
This is free software; see the source for copying conditions.  There is NO
warranty; not even for MERCHANTABILITY or FITNESS FOR A PARTICULAR PURPOSE.

configure:4101: $? = 0
configure:4090: g++ -v >&5
Using built-in specs.
COLLECT_GCC=g++
COLLECT_LTO_WRAPPER=/usr/libexec/gcc/x86_64-redhat-linux/6.4.1/lto-wrapper
Target: x86_64-redhat-linux
Configured with: ../configure --enable-bootstrap --enable-languages=c,c++,objc,obj-c++,fortran,ada,go,lto --prefix=/usr --mandir=/usr/share/man --infodir=/usr/share/info --with-bugurl=http://bugzilla.redhat.com/bugzilla --enable-shared --enable-threads=posix --enable-checking=release --enable-multilib --with-system-zlib --enable-__cxa_atexit --disable-libunwind-exceptions --enable-gnu-unique-object --enable-linker-build-id --with-linker-hash-style=gnu --enable-plugin --enable-initfini-array --disable-libgcj --with-isl --enable-libmpx --enable-gnu-indirect-function --with-tune=generic --with-arch_32=i686 --build=x86_64-redhat-linux
Thread model: posix
gcc version 6.4.1 20170727 (Red Hat 6.4.1-1) (GCC) 
configure:4101: $? = 0
configure:4090: g++ -V >&5
g++: error: unrecognized command line option '-V'
g++: fatal error: no input files
compilation terminated.
configure:4101: $? = 1
configure:4090: g++ -qversion >&5
g++: error: unrecognized command line option '-qversion'; did you mean '--version'?
g++: fatal error: no input files
compilation terminated.
configure:4101: $? = 1
configure:4105: checking whether we are using the GNU C++ compiler
configure:4124: g++ -c   conftest.cpp >&5
configure:4124: $? = 0
configure:4133: result: yes
configure:4142: checking whether g++ accepts -g
configure:4162: g++ -c -g  conftest.cpp >&5
configure:4162: $? = 0
configure:4203: result: yes
configure:4228: checking dependency style of g++
configure:4339: result: gcc3
configure:4360: checking how to run the C preprocessor
configure:4391: gcc -E  conftest.c
configure:4391: $? = 0
configure:4405: gcc -E  conftest.c
conftest.c:11:28: fatal error: ac_nonexistent.h: No such file or directory
 #include <ac_nonexistent.h>
                            ^
compilation terminated.
configure:4405: $? = 1
configure: failed program was:
| /* confdefs.h */
| #define PACKAGE_NAME "project"
| #define PACKAGE_TARNAME "project"
| #define PACKAGE_VERSION "1.0.0"
| #define PACKAGE_STRING "project 1.0.0"
| #define PACKAGE_BUGREPORT ""
| #define PACKAGE_URL ""
| #define PACKAGE "project"
| #define VERSION "1.0.0"
| /* end confdefs.h.  */
| #include <ac_nonexistent.h>
configure:4430: result: gcc -E
configure:4450: gcc -E  conftest.c
configure:4450: $? = 0
configure:4464: gcc -E  conftest.c
conftest.c:11:28: fatal error: ac_nonexistent.h: No such file or directory
 #include <ac_nonexistent.h>
                            ^
compilation terminated.
configure:4464: $? = 1
configure: failed program was:
| /* confdefs.h */
| #define PACKAGE_NAME "project"
| #define PACKAGE_TARNAME "project"
| #define PACKAGE_VERSION "1.0.0"
| #define PACKAGE_STRING "project 1.0.0"
| #define PACKAGE_BUGREPORT ""
| #define PACKAGE_URL ""
| #define PACKAGE "project"
| #define VERSION "1.0.0"
| /* end confdefs.h.  */
| #include <ac_nonexistent.h>
configure:4493: checking for grep that handles long lines and -e
configure:4551: result: /usr/bin/grep
configure:4556: checking for egrep
configure:4618: result: /usr/bin/grep -E
configure:4623: checking for ANSI C header files
configure:4643: gcc -c -g -O2  conftest.c >&5
configure:4643: $? = 0
configure:4716: gcc -o conftest -g -O2   conftest.c  >&5
configure:4716: $? = 0
configure:4716: ./conftest
configure:4716: $? = 0
configure:4727: result: yes
configure:4736: checking whether ln -s works
configure:4740: result: yes
configure:4776: checking build system type
configure:4790: result: x86_64-unknown-linux-gnu
configure:4810: checking host system type
configure:4823: result: x86_64-unknown-linux-gnu
configure:4864: checking how to print strings
configure:4891: result: printf
configure:4912: checking for a sed that does not truncate output
configure:4976: result: /usr/bin/sed
configure:4994: checking for fgrep
configure:5056: result: /usr/bin/grep -F
configure:5091: checking for ld used by gcc
configure:5158: result: /usr/bin/ld
configure:5165: checking if the linker (/usr/bin/ld) is GNU ld
configure:5180: result: yes
configure:5192: checking for BSD- or MS-compatible name lister (nm)
configure:5246: result: /usr/bin/nm -B
configure:5376: checking the name lister (/usr/bin/nm -B) interface
configure:5383: gcc -c -g -O2  conftest.c >&5
configure:5386: /usr/bin/nm -B "conftest.o"
configure:5389: output
0000000000000000 B some_variable
configure:5396: result: BSD nm
configure:5400: checking the maximum length of command line arguments
configure:5531: result: 1572864
configure:5579: checking how to convert x86_64-unknown-linux-gnu file names to x86_64-unknown-linux-gnu format
configure:5619: result: func_convert_file_noop
configure:5626: checking how to convert x86_64-unknown-linux-gnu file names to toolchain format
configure:5646: result: func_convert_file_noop
configure:5653: checking for /usr/bin/ld option to reload object files
configure:5660: result: -r
configure:5734: checking for objdump
configure:5750: found /usr/bin/objdump
configure:5761: result: objdump
configure:5793: checking how to recognize dependent libraries
configure:5993: result: pass_all
configure:6078: checking for dlltool
configure:6108: result: no
configure:6138: checking how to associate runtime and link libraries
configure:6165: result: printf %s\n
configure:6225: checking for ar
configure:6241: found /usr/bin/ar
configure:6252: result: ar
configure:6289: checking for archiver @FILE support
configure:6306: gcc -c -g -O2  conftest.c >&5
configure:6306: $? = 0
configure:6309: ar cru libconftest.a @conftest.lst >&5
configure:6312: $? = 0
configure:6317: ar cru libconftest.a @conftest.lst >&5
ar: conftest.o: No such file or directory
configure:6320: $? = 1
configure:6332: result: @
configure:6390: checking for strip
configure:6406: found /usr/bin/strip
configure:6417: result: strip
configure:6489: checking for ranlib
configure:6505: found /usr/bin/ranlib
configure:6516: result: ranlib
configure:6618: checking command to parse /usr/bin/nm -B output from gcc object
configure:6771: gcc -c -g -O2  conftest.c >&5
configure:6774: $? = 0
configure:6778: /usr/bin/nm -B conftest.o \| sed -n -e 's/^.*[ ]\([ABCDGIRSTW][ABCDGIRSTW]*\)[ ][ ]*\([_A-Za-z][_A-Za-z0-9]*\)$/\1 \2 \2/p' | sed '/ __gnu_lto/d' \> conftest.nm
configure:6781: $? = 0
configure:6847: gcc -o conftest -g -O2   conftest.c conftstm.o >&5
configure:6850: $? = 0
configure:6888: result: ok
configure:6935: checking for sysroot
configure:6965: result: no
configure:6972: checking for a working dd
configure:7010: result: /usr/bin/dd
configure:7014: checking how to truncate binary pipes
configure:7029: result: /usr/bin/dd bs=4096 count=1
configure:7165: gcc -c -g -O2  conftest.c >&5
configure:7168: $? = 0
configure:7358: checking for mt
configure:7388: result: no
configure:7408: checking if : is a manifest tool
configure:7414: : '-?'
configure:7422: result: no
configure:8099: checking for sys/types.h
configure:8099: gcc -c -g -O2  conftest.c >&5
configure:8099: $? = 0
configure:8099: result: yes
configure:8099: checking for sys/stat.h
configure:8099: gcc -c -g -O2  conftest.c >&5
configure:8099: $? = 0
configure:8099: result: yes
configure:8099: checking for stdlib.h
configure:8099: gcc -c -g -O2  conftest.c >&5
configure:8099: $? = 0
configure:8099: result: yes
configure:8099: checking for string.h
configure:8099: gcc -c -g -O2  conftest.c >&5
configure:8099: $? = 0
configure:8099: result: yes
configure:8099: checking for memory.h
configure:8099: gcc -c -g -O2  conftest.c >&5
configure:8099: $? = 0
configure:8099: result: yes
configure:8099: checking for strings.h
configure:8099: gcc -c -g -O2  conftest.c >&5
configure:8099: $? = 0
configure:8099: result: yes
configure:8099: checking for inttypes.h
configure:8099: gcc -c -g -O2  conftest.c >&5
configure:8099: $? = 0
configure:8099: result: yes
configure:8099: checking for stdint.h
configure:8099: gcc -c -g -O2  conftest.c >&5
configure:8099: $? = 0
configure:8099: result: yes
configure:8099: checking for unistd.h
configure:8099: gcc -c -g -O2  conftest.c >&5
configure:8099: $? = 0
configure:8099: result: yes
configure:8113: checking for dlfcn.h
configure:8113: gcc -c -g -O2  conftest.c >&5
configure:8113: $? = 0
configure:8113: result: yes
configure:8380: checking for objdir
configure:8395: result: .libs
configure:8655: checking if gcc supports -fno-rtti -fno-exceptions
configure:8673: gcc -c -g -O2  -fno-rtti -fno-exceptions conftest.c >&5
cc1: warning: command line option '-fno-rtti' is valid for C++/ObjC++ but not for C
configure:8677: $? = 0
configure:8690: result: no
configure:9048: checking for gcc option to produce PIC
configure:9055: result: -fPIC -DPIC
configure:9063: checking if gcc PIC flag -fPIC -DPIC works
configure:9081: gcc -c -g -O2  -fPIC -DPIC -DPIC conftest.c >&5
configure:9085: $? = 0
configure:9098: result: yes
configure:9127: checking if gcc static flag -static works
configure:9155: result: no
configure:9170: checking if gcc supports -c -o file.o
configure:9191: gcc -c -g -O2  -o out/conftest2.o conftest.c >&5
configure:9195: $? = 0
configure:9217: result: yes
configure:9225: checking if gcc supports -c -o file.o
configure:9272: result: yes
configure:9305: checking whether the gcc linker (/usr/bin/ld -m elf_x86_64) supports shared libraries
configure:10564: result: yes
configure:10601: checking whether -lc should be explicitly linked in
configure:10609: gcc -c -g -O2  conftest.c >&5
configure:10612: $? = 0
configure:10627: gcc -shared  -fPIC -DPIC conftest.o  -v -Wl,-soname -Wl,conftest -o conftest 2\>\&1 \| /usr/bin/grep  -lc  \>/dev/null 2\>\&1
configure:10630: $? = 0
configure:10644: result: no
configure:10804: checking dynamic linker characteristics
configure:11385: gcc -o conftest -g -O2   -Wl,-rpath -Wl,/foo conftest.c  >&5
configure:11385: $? = 0
configure:11625: result: GNU/Linux ld.so
configure:11747: checking how to hardcode library paths into programs
configure:11772: result: immediate
configure:12320: checking whether stripping libraries is possible
configure:12325: result: yes
configure:12360: checking if libtool supports shared libraries
configure:12362: result: yes
configure:12365: checking whether to build shared libraries
configure:12390: result: yes
configure:12393: checking whether to build static libraries
configure:12397: result: yes
configure:12420: checking how to run the C++ preprocessor
configure:12447: g++ -E  conftest.cpp
configure:12447: $? = 0
configure:12461: g++ -E  conftest.cpp
conftest.cpp:23:28: fatal error: ac_nonexistent.h: No such file or directory
 #include <ac_nonexistent.h>
                            ^
compilation terminated.
configure:12461: $? = 1
configure: failed program was:
| /* confdefs.h */
| #define PACKAGE_NAME "project"
| #define PACKAGE_TARNAME "project"
| #define PACKAGE_VERSION "1.0.0"
| #define PACKAGE_STRING "project 1.0.0"
| #define PACKAGE_BUGREPORT ""
| #define PACKAGE_URL ""
| #define PACKAGE "project"
| #define VERSION "1.0.0"
| #define STDC_HEADERS 1
| #define HAVE_SYS_TYPES_H 1
| #define HAVE_SYS_STAT_H 1
| #define HAVE_STDLIB_H 1
| #define HAVE_STRING_H 1
| #define HAVE_MEMORY_H 1
| #define HAVE_STRINGS_H 1
| #define HAVE_INTTYPES_H 1
| #define HAVE_STDINT_H 1
| #define HAVE_UNISTD_H 1
| #define HAVE_DLFCN_H 1
| #define LT_OBJDIR ".libs/"
| /* end confdefs.h.  */
| #include <ac_nonexistent.h>
configure:12486: result: g++ -E
configure:12506: g++ -E  conftest.cpp
configure:12506: $? = 0
configure:12520: g++ -E  conftest.cpp
conftest.cpp:23:28: fatal error: ac_nonexistent.h: No such file or directory
 #include <ac_nonexistent.h>
                            ^
compilation terminated.
configure:12520: $? = 1
configure: failed program was:
| /* confdefs.h */
| #define PACKAGE_NAME "project"
| #define PACKAGE_TARNAME "project"
| #define PACKAGE_VERSION "1.0.0"
| #define PACKAGE_STRING "project 1.0.0"
| #define PACKAGE_BUGREPORT ""
| #define PACKAGE_URL ""
| #define PACKAGE "project"
| #define VERSION "1.0.0"
| #define STDC_HEADERS 1
| #define HAVE_SYS_TYPES_H 1
| #define HAVE_SYS_STAT_H 1
| #define HAVE_STDLIB_H 1
| #define HAVE_STRING_H 1
| #define HAVE_MEMORY_H 1
| #define HAVE_STRINGS_H 1
| #define HAVE_INTTYPES_H 1
| #define HAVE_STDINT_H 1
| #define HAVE_UNISTD_H 1
| #define HAVE_DLFCN_H 1
| #define LT_OBJDIR ".libs/"
| /* end confdefs.h.  */
| #include <ac_nonexistent.h>
configure:12682: checking for ld used by g++
configure:12749: result: /usr/bin/ld -m elf_x86_64
configure:12756: checking if the linker (/usr/bin/ld -m elf_x86_64) is GNU ld
configure:12771: result: yes
configure:12826: checking whether the g++ linker (/usr/bin/ld -m elf_x86_64) supports shared libraries
configure:13899: result: yes
configure:13935: g++ -c -g -O2  conftest.cpp >&5
configure:13938: $? = 0
configure:14419: checking for g++ option to produce PIC
configure:14426: result: -fPIC -DPIC
configure:14434: checking if g++ PIC flag -fPIC -DPIC works
configure:14452: g++ -c -g -O2  -fPIC -DPIC -DPIC conftest.cpp >&5
configure:14456: $? = 0
configure:14469: result: yes
configure:14492: checking if g++ static flag -static works
configure:14520: result: no
configure:14532: checking if g++ supports -c -o file.o
configure:14553: g++ -c -g -O2  -o out/conftest2.o conftest.cpp >&5
configure:14557: $? = 0
configure:14579: result: yes
configure:14584: checking if g++ supports -c -o file.o
configure:14631: result: yes
configure:14661: checking whether the g++ linker (/usr/bin/ld -m elf_x86_64) supports shared libraries
configure:14701: result: yes
configure:14842: checking dynamic linker characteristics
configure:15590: result: GNU/Linux ld.so
configure:15655: checking how to hardcode library paths into programs
configure:15680: result: immediate
configure:15742: checking for native Win32
configure:15753: result: no
configure:15768: checking whether gcc supports -Wall
configure:15776: gcc -c -g -O2 -Wall  conftest.c >&5
configure:15776: $? = 0
configure:15785: result: yes
configure:15768: checking whether gcc supports -Werror
configure:15776: gcc -c -g -O2 -Wall -Werror  conftest.c >&5
configure:15776: $? = 0
configure:15785: result: yes
configure:15768: checking whether gcc supports -Wp,-D_FORTIFY_SOURCE=2
configure:15776: gcc -c -g -O2 -Wall -Werror -Wp,-D_FORTIFY_SOURCE=2  conftest.c >&5
configure:15776: $? = 0
configure:15785: result: yes
configure:15768: checking whether gcc supports -fstack-protector
configure:15776: gcc -c -g -O2 -Wall -Werror -Wp,-D_FORTIFY_SOURCE=2 -fstack-protector  conftest.c >&5
configure:15776: $? = 0
configure:15785: result: yes
configure:15768: checking whether gcc supports --param=ssp-buffer-size=4
configure:15776: gcc -c -g -O2 -Wall -Werror -Wp,-D_FORTIFY_SOURCE=2 -fstack-protector --param=ssp-buffer-size=4  conftest.c >&5
configure:15776: $? = 0
configure:15785: result: yes
configure:15844: checking for pkg-config
configure:15862: found /usr/bin/pkg-config
configure:15874: result: /usr/bin/pkg-config
configure:15899: checking pkg-config is at least version 0.9.0
configure:15902: result: yes
configure:16058: checking that generated files are newer than configure
configure:16064: result: done
configure:16095: creating ./config.status

## ---------------------- ##
## Running config.status. ##
## ---------------------- ##

This file was extended by project config.status 1.0.0, which was
generated by GNU Autoconf 2.69.  Invocation command line was

  CONFIG_FILES    = 
  CONFIG_HEADERS  = 
  CONFIG_LINKS    = 
  CONFIG_COMMANDS = 
  $ ./config.status 

on abellee

config.status:1079: creating Makefile
config.status:1079: creating common/Makefile
config.status:1079: creating common/libcommon-1.0.0.pc
config.status:1079: creating protocol/Makefile
config.status:1079: creating protocol/libprotocol-1.0.0.pc
config.status:1251: executing depfiles commands
config.status:1251: executing libtool commands

## ---------------- ##
## Cache variables. ##
## ---------------- ##

ac_cv_build=x86_64-unknown-linux-gnu
ac_cv_c_compiler_gnu=yes
ac_cv_cxx_compiler_gnu=yes
ac_cv_env_CCC_set=
ac_cv_env_CCC_value=
ac_cv_env_CC_set=
ac_cv_env_CC_value=
ac_cv_env_CFLAGS_set=
ac_cv_env_CFLAGS_value=
ac_cv_env_CPPFLAGS_set=
ac_cv_env_CPPFLAGS_value=
ac_cv_env_CPP_set=
ac_cv_env_CPP_value=
ac_cv_env_CXXCPP_set=
ac_cv_env_CXXCPP_value=
ac_cv_env_CXXFLAGS_set=
ac_cv_env_CXXFLAGS_value=
ac_cv_env_CXX_set=
ac_cv_env_CXX_value=
ac_cv_env_LDFLAGS_set=
ac_cv_env_LDFLAGS_value=
ac_cv_env_LIBS_set=
ac_cv_env_LIBS_value=
ac_cv_env_LT_SYS_LIBRARY_PATH_set=
ac_cv_env_LT_SYS_LIBRARY_PATH_value=
ac_cv_env_PKG_CONFIG_LIBDIR_set=
ac_cv_env_PKG_CONFIG_LIBDIR_value=
ac_cv_env_PKG_CONFIG_PATH_set=
ac_cv_env_PKG_CONFIG_PATH_value=
ac_cv_env_PKG_CONFIG_set=
ac_cv_env_PKG_CONFIG_value=
ac_cv_env_build_alias_set=
ac_cv_env_build_alias_value=
ac_cv_env_host_alias_set=
ac_cv_env_host_alias_value=
ac_cv_env_target_alias_set=
ac_cv_env_target_alias_value=
ac_cv_header_dlfcn_h=yes
ac_cv_header_inttypes_h=yes
ac_cv_header_memory_h=yes
ac_cv_header_stdc=yes
ac_cv_header_stdint_h=yes
ac_cv_header_stdlib_h=yes
ac_cv_header_string_h=yes
ac_cv_header_strings_h=yes
ac_cv_header_sys_stat_h=yes
ac_cv_header_sys_types_h=yes
ac_cv_header_unistd_h=yes
ac_cv_host=x86_64-unknown-linux-gnu
ac_cv_objext=o
ac_cv_path_EGREP='/usr/bin/grep -E'
ac_cv_path_FGREP='/usr/bin/grep -F'
ac_cv_path_GREP=/usr/bin/grep
ac_cv_path_SED=/usr/bin/sed
ac_cv_path_ac_pt_PKG_CONFIG=/usr/bin/pkg-config
ac_cv_path_install='/usr/bin/install -c'
ac_cv_path_lt_DD=/usr/bin/dd
ac_cv_path_mkdir=/usr/bin/mkdir
ac_cv_prog_AWK=gawk
ac_cv_prog_CPP='gcc -E'
ac_cv_prog_CXXCPP='g++ -E'
ac_cv_prog_ac_ct_AR=ar
ac_cv_prog_ac_ct_CC=gcc
ac_cv_prog_ac_ct_CXX=g++
ac_cv_prog_ac_ct_OBJDUMP=objdump
ac_cv_prog_ac_ct_RANLIB=ranlib
ac_cv_prog_ac_ct_STRIP=strip
ac_cv_prog_cc_c89=
ac_cv_prog_cc_g=yes
ac_cv_prog_cxx_g=yes
ac_cv_prog_make_make_set=yes
am_cv_CC_dependencies_compiler_type=gcc3
am_cv_CXX_dependencies_compiler_type=gcc3
am_cv_make_support_nested_variables=yes
am_cv_prog_cc_c_o=yes
lt_cv_ar_at_file=@
lt_cv_archive_cmds_need_lc=no
lt_cv_deplibs_check_method=pass_all
lt_cv_file_magic_cmd='$MAGIC_CMD'
lt_cv_file_magic_test_file=
lt_cv_ld_reload_flag=-r
lt_cv_nm_interface='BSD nm'
lt_cv_objdir=.libs
lt_cv_path_LD=/usr/bin/ld
lt_cv_path_LDCXX='/usr/bin/ld -m elf_x86_64'
lt_cv_path_NM='/usr/bin/nm -B'
lt_cv_path_mainfest_tool=no
lt_cv_prog_compiler_c_o=yes
lt_cv_prog_compiler_c_o_CXX=yes
lt_cv_prog_compiler_pic='-fPIC -DPIC'
lt_cv_prog_compiler_pic_CXX='-fPIC -DPIC'
lt_cv_prog_compiler_pic_works=yes
lt_cv_prog_compiler_pic_works_CXX=yes
lt_cv_prog_compiler_rtti_exceptions=no
lt_cv_prog_compiler_static_works=no
lt_cv_prog_compiler_static_works_CXX=no
lt_cv_prog_gnu_ld=yes
lt_cv_prog_gnu_ldcxx=yes
lt_cv_sharedlib_from_linklib_cmd='printf %s\n'
lt_cv_shlibpath_overrides_runpath=no
lt_cv_sys_global_symbol_pipe='sed -n -e '\''s/^.*[	 ]\([ABCDGIRSTW][ABCDGIRSTW]*\)[	 ][	 ]*\([_A-Za-z][_A-Za-z0-9]*\)$/\1 \2 \2/p'\'' | sed '\''/ __gnu_lto/d'\'''
lt_cv_sys_global_symbol_to_c_name_address='sed -n -e '\''s/^: \(.*\) .*$/  {"\1", (void *) 0},/p'\'' -e '\''s/^[ABCDGIRSTW][ABCDGIRSTW]* .* \(.*\)$/  {"\1", (void *) \&\1},/p'\'''
lt_cv_sys_global_symbol_to_c_name_address_lib_prefix='sed -n -e '\''s/^: \(.*\) .*$/  {"\1", (void *) 0},/p'\'' -e '\''s/^[ABCDGIRSTW][ABCDGIRSTW]* .* \(lib.*\)$/  {"\1", (void *) \&\1},/p'\'' -e '\''s/^[ABCDGIRSTW][ABCDGIRSTW]* .* \(.*\)$/  {"lib\1", (void *) \&\1},/p'\'''
lt_cv_sys_global_symbol_to_cdecl='sed -n -e '\''s/^T .* \(.*\)$/extern int \1();/p'\'' -e '\''s/^[ABCDGIRSTW][ABCDGIRSTW]* .* \(.*\)$/extern char \1;/p'\'''
lt_cv_sys_global_symbol_to_import=
lt_cv_sys_max_cmd_len=1572864
lt_cv_to_host_file_cmd=func_convert_file_noop
lt_cv_to_tool_file_cmd=func_convert_file_noop
lt_cv_truncate_bin='/usr/bin/dd bs=4096 count=1'

## ----------------- ##
## Output variables. ##
## ----------------- ##

ACLOCAL='${SHELL} /home/abel/github/demo/automake-project/missing aclocal-1.15'
AMDEPBACKSLASH='\'
AMDEP_FALSE='#'
AMDEP_TRUE=''
AMTAR='$${TAR-tar}'
AM_BACKSLASH='\'
AM_DEFAULT_V='$(AM_DEFAULT_VERBOSITY)'
AM_DEFAULT_VERBOSITY='0'
AM_V='$(V)'
AR='ar'
AUTOCONF='${SHELL} /home/abel/github/demo/automake-project/missing autoconf'
AUTOHEADER='${SHELL} /home/abel/github/demo/automake-project/missing autoheader'
AUTOMAKE='${SHELL} /home/abel/github/demo/automake-project/missing automake-1.15'
AWK='gawk'
CC='gcc'
CCDEPMODE='depmode=gcc3'
CFLAGS='-g -O2 -Wall -Werror -Wp,-D_FORTIFY_SOURCE=2 -fstack-protector --param=ssp-buffer-size=4'
CPP='gcc -E'
CPPFLAGS=''
CXX='g++'
CXXCPP='g++ -E'
CXXDEPMODE='depmode=gcc3'
CXXFLAGS='-g -O2'
CYGPATH_W='echo'
DEFS='-DPACKAGE_NAME=\"project\" -DPACKAGE_TARNAME=\"project\" -DPACKAGE_VERSION=\"1.0.0\" -DPACKAGE_STRING=\"project\ 1.0.0\" -DPACKAGE_BUGREPORT=\"\" -DPACKAGE_URL=\"\" -DPACKAGE=\"project\" -DVERSION=\"1.0.0\" -DSTDC_HEADERS=1 -DHAVE_SYS_TYPES_H=1 -DHAVE_SYS_STAT_H=1 -DHAVE_STDLIB_H=1 -DHAVE_STRING_H=1 -DHAVE_MEMORY_H=1 -DHAVE_STRINGS_H=1 -DHAVE_INTTYPES_H=1 -DHAVE_STDINT_H=1 -DHAVE_UNISTD_H=1 -DHAVE_DLFCN_H=1 -DLT_OBJDIR=\".libs/\"'
DEPDIR='.deps'
DLLTOOL='false'
DSYMUTIL=''
DUMPBIN=''
ECHO_C=''
ECHO_N='-n'
ECHO_T=''
EGREP='/usr/bin/grep -E'
EXEEXT=''
FGREP='/usr/bin/grep -F'
GREP='/usr/bin/grep'
INSTALL_DATA='${INSTALL} -m 644'
INSTALL_PROGRAM='${INSTALL}'
INSTALL_SCRIPT='${INSTALL}'
INSTALL_STRIP_PROGRAM='$(install_sh) -c -s'
LD='/usr/bin/ld -m elf_x86_64'
LDFLAGS=''
LIBCOMMON_SO_VERSION='1:0:0'
LIBOBJS=''
LIBPROTOCOL_SO_VERSION='1:0:0'
LIBS=''
LIBTOOL='$(SHELL) $(top_builddir)/libtool'
LIPO=''
LN_S='ln -s'
LTLIBOBJS=''
LT_SYS_LIBRARY_PATH=''
MAKEINFO='${SHELL} /home/abel/github/demo/automake-project/missing makeinfo'
MANIFEST_TOOL=':'
MKDIR_P='/usr/bin/mkdir -p'
NM='/usr/bin/nm -B'
NMEDIT=''
OBJDUMP='objdump'
OBJEXT='o'
OS_WIN32_FALSE=''
OS_WIN32_TRUE='#'
OTOOL64=''
OTOOL=''
PACKAGE='project'
PACKAGE_BUGREPORT=''
PACKAGE_NAME='project'
PACKAGE_STRING='project 1.0.0'
PACKAGE_TARNAME='project'
PACKAGE_URL=''
PACKAGE_VERSION='1.0.0'
PATH_SEPARATOR=':'
PKG_CONFIG='/usr/bin/pkg-config'
PKG_CONFIG_LIBDIR=''
PKG_CONFIG_PATH=''
RANLIB='ranlib'
SED='/usr/bin/sed'
SET_MAKE=''
SHELL='/bin/sh'
STRIP='strip'
VERSION='1.0.0'
ac_ct_AR='ar'
ac_ct_CC='gcc'
ac_ct_CXX='g++'
ac_ct_DUMPBIN=''
am__EXEEXT_FALSE=''
am__EXEEXT_TRUE='#'
am__fastdepCC_FALSE='#'
am__fastdepCC_TRUE=''
am__fastdepCXX_FALSE='#'
am__fastdepCXX_TRUE=''
am__include='include'
am__isrc=''
am__leading_dot='.'
am__nodep='_no'
am__quote=''
am__tar='$${TAR-tar} chof - "$$tardir"'
am__untar='$${TAR-tar} xf -'
bindir='${exec_prefix}/bin'
build='x86_64-unknown-linux-gnu'
build_alias=''
build_cpu='x86_64'
build_os='linux-gnu'
build_vendor='unknown'
datadir='${datarootdir}'
datarootdir='${prefix}/share'
docdir='${datarootdir}/doc/${PACKAGE_TARNAME}'
dvidir='${docdir}'
exec_prefix='${prefix}'
host='x86_64-unknown-linux-gnu'
host_alias=''
host_cpu='x86_64'
host_os='linux-gnu'
host_vendor='unknown'
htmldir='${docdir}'
includedir='${prefix}/include'
infodir='${datarootdir}/info'
install_sh='${SHELL} /home/abel/github/demo/automake-project/install-sh'
libdir='${exec_prefix}/lib'
libexecdir='${exec_prefix}/libexec'
localedir='${datarootdir}/locale'
localstatedir='${prefix}/var'
mandir='${datarootdir}/man'
mkdir_p='$(MKDIR_P)'
oldincludedir='/usr/include'
pdfdir='${docdir}'
prefix='/usr/local'
program_transform_name='s,x,x,'
psdir='${docdir}'
sbindir='${exec_prefix}/sbin'
sharedstatedir='${prefix}/com'
sysconfdir='${prefix}/etc'
target_alias=''

## ----------- ##
## confdefs.h. ##
## ----------- ##

/* confdefs.h */
#define PACKAGE_NAME "project"
#define PACKAGE_TARNAME "project"
#define PACKAGE_VERSION "1.0.0"
#define PACKAGE_STRING "project 1.0.0"
#define PACKAGE_BUGREPORT ""
#define PACKAGE_URL ""
#define PACKAGE "project"
#define VERSION "1.0.0"
#define STDC_HEADERS 1
#define HAVE_SYS_TYPES_H 1
#define HAVE_SYS_STAT_H 1
#define HAVE_STDLIB_H 1
#define HAVE_STRING_H 1
#define HAVE_MEMORY_H 1
#define HAVE_STRINGS_H 1
#define HAVE_INTTYPES_H 1
#define HAVE_STDINT_H 1
#define HAVE_UNISTD_H 1
#define HAVE_DLFCN_H 1
#define LT_OBJDIR ".libs/"

configure: exit 0
